2026-06-21 13:50:31.915 WARN  [http-nio-10001-exec-3] c.argus.rag.auth.service.AuthService - refresh token 重放攻击: userId=1
2026-06-21 13:50:31.930 WARN  [http-nio-10001-exec-2] c.argus.rag.auth.service.AuthService - refresh token 重放攻击: userId=1
2026-06-21 13:54:23.179 WARN  [HikariPool-1:housekeeper] com.zaxxer.hikari.pool.HikariPool - HikariPool-1 - Thread starvation or clock leap detected (housekeeper delta=45s860ms586µs900ns).
2026-06-21 13:56:36.459 WARN  [HikariPool-1:housekeeper] com.zaxxer.hikari.pool.HikariPool - HikariPool-1 - Thread starvation or clock leap detected (housekeeper delta=56s880ms875µs800ns).
2026-06-21 13:58:18.945 WARN  [HikariPool-1:housekeeper] com.zaxxer.hikari.pool.HikariPool - HikariPool-1 - Thread starvation or clock leap detected (housekeeper delta=1m4s875ms22µs100ns).
2026-06-21 14:06:15.026 WARN  [http-nio-10001-exec-3] c.argus.rag.auth.service.AuthService - refresh token 重放攻击: userId=1
2026-06-21 14:09:20.180 WARN  [HikariPool-1:housekeeper] com.zaxxer.hikari.pool.HikariPool - HikariPool-1 - Thread starvation or clock leap detected (housekeeper delta=47s48ms567µs600ns).
2026-06-21 14:10:07.885 WARN  [HikariPool-1:housekeeper] com.zaxxer.hikari.pool.HikariPool - HikariPool-1 - Thread starvation or clock leap detected (housekeeper delta=47s705ms898µs100ns).
2026-06-21 14:15:29.686 WARN  [HikariPool-1:housekeeper] com.zaxxer.hikari.pool.HikariPool - HikariPool-1 - Thread starvation or clock leap detected (housekeeper delta=5m21s798ms483µs300ns).
2026-06-21 14:16:19.999 WARN  [HikariPool-1:housekeeper] com.zaxxer.hikari.pool.HikariPool - HikariPool-1 - Thread starvation or clock leap detected (housekeeper delta=50s312ms608µs800ns).
2026-06-21 14:18:20.086 WARN  [HikariPool-1:housekeeper] com.zaxxer.hikari.pool.HikariPool - HikariPool-1 - Thread starvation or clock leap detected (housekeeper delta=2m86ms436µs200ns).
2026-06-21 14:24:12.389 WARN  [HikariPool-1:housekeeper] com.zaxxer.hikari.pool.HikariPool - HikariPool-1 - Thread starvation or clock leap detected (housekeeper delta=5m13s298ms100µs500ns).
2026-06-21 14:24:18.167 ERROR [ForkJoinPool.commonPool-worker-1] o.s.ai.chat.model.MessageAggregator - Aggregation Error
org.springframework.web.reactive.function.client.WebClientResponseException$BadRequest: 400 Bad Request from POST https://dashscope.aliyuncs.com/api/v1/services/aigc/text-generation/generation
	at org.springframework.web.reactive.function.client.WebClientResponseException.create(WebClientResponseException.java:321)
	Suppressed: reactor.core.publisher.FluxOnAssembly$OnAssemblyException: 
Error has been observed at the following site(s):
	*__checkpoint ⇢ 400 BAD_REQUEST from POST https://dashscope.aliyuncs.com/api/v1/services/aigc/text-generation/generation [DefaultWebClient]
Original Stack Trace:
		at org.springframework.web.reactive.function.client.WebClientResponseException.create(WebClientResponseException.java:321)
		at org.springframework.web.reactive.function.client.DefaultClientResponse.lambda$createException$1(DefaultClientResponse.java:214)
		at reactor.core.publisher.FluxMap$MapSubscriber.onNext(FluxMap.java:106)
		at reactor.core.publisher.FluxOnErrorReturn$ReturnSubscriber.onNext(FluxOnErrorReturn.java:162)
		at reactor.core.publisher.FluxDefaultIfEmpty$DefaultIfEmptySubscriber.onNext(FluxDefaultIfEmpty.java:122)
		at reactor.core.publisher.FluxMapFuseable$MapFuseableSubscriber.onNext(FluxMapFuseable.java:129)
		at reactor.core.publisher.FluxContextWrite$ContextWriteSubscriber.onNext(FluxContextWrite.java:107)
		at reactor.core.publisher.FluxMapFuseable$MapFuseableConditionalSubscriber.onNext(FluxMapFuseable.java:299)
		at reactor.core.publisher.FluxFilterFuseable$FilterFuseableConditionalSubscriber.onNext(FluxFilterFuseable.java:337)
		at reactor.core.publisher.Operators$BaseFluxToMonoOperator.completePossiblyEmpty(Operators.java:2096)
		at reactor.core.publisher.MonoCollect$CollectSubscriber.onComplete(MonoCollect.java:145)
		at reactor.core.publisher.FluxPublish$PublishSubscriber.checkTerminated(FluxPublish.java:634)
		at reactor.core.publisher.FluxPublish$PublishSubscriber.drain(FluxPublish.java:494)
		at reactor.core.publisher.FluxPublish$PublishSubscriber.onComplete(FluxPublish.java:355)
		at reactor.core.publisher.FluxContextWrite$ContextWriteSubscriber.onComplete(FluxContextWrite.java:126)
		at reactor.core.publisher.FluxMapFuseable$MapFuseableConditionalSubscriber.onComplete(FluxMapFuseable.java:350)
		at reactor.core.publisher.FluxFlattenIterable$FlattenIterableSubscriber.drainAsync(FluxFlattenIterable.java:371)
		at reactor.core.publisher.FluxFlattenIterable$FlattenIterableSubscriber.drain(FluxFlattenIterable.java:724)
		at reactor.core.publisher.FluxFlattenIterable$FlattenIterableSubscriber.onComplete(FluxFlattenIterable.java:273)
		at reactor.adapter.JdkFlowAdapter$SubscriberToRS.onComplete(JdkFlowAdapter.java:160)
		at java.net.http/jdk.internal.net.http.ResponseSubscribers$PublishingBodySubscriber.complete(ResponseSubscribers.java:955)
		at java.net.http/jdk.internal.net.http.ResponseSubscribers$PublishingBodySubscriber.lambda$new$1(ResponseSubscribers.java:886)
		at java.base/java.util.concurrent.CompletableFuture$UniAccept.tryFire$$$capture(CompletableFuture.java:718)
		at java.base/java.util.concurrent.CompletableFuture$UniAccept.tryFire(CompletableFuture.java)
		at java.base/java.util.concurrent.CompletableFuture.postComplete(CompletableFuture.java:510)
		at java.base/java.util.concurrent.CompletableFuture.complete(CompletableFuture.java:2179)
		at java.net.http/jdk.internal.net.http.ResponseSubscribers$PublishingBodySubscriber.lambda$subscribe$3(ResponseSubscribers.java:983)
		at java.base/java.util.concurrent.CompletableFuture.uniAcceptNow(CompletableFuture.java:757)
		at java.base/java.util.concurrent.CompletableFuture.uniAcceptStage(CompletableFuture.java:735)
		at java.base/java.util.concurrent.CompletableFuture.thenAccept(CompletableFuture.java:2214)
		at java.net.http/jdk.internal.net.http.ResponseSubscribers$PublishingBodySubscriber.subscribe(ResponseSubscribers.java:979)
		at reactor.adapter.JdkFlowAdapter$FlowPublisherAsFlux.subscribe(JdkFlowAdapter.java:68)
		at reactor.core.publisher.InternalFluxOperator.subscribe(InternalFluxOperator.java:68)
		at reactor.core.publisher.FluxPublish.connect(FluxPublish.java:106)
		at reactor.core.publisher.FluxAutoConnect.subscribe(FluxAutoConnect.java:62)
		at reactor.core.publisher.Flux.subscribe(Flux.java:8891)
		at org.springframework.http.client.reactive.AbstractClientHttpResponse$SingleSubscriberPublisher.subscribe(AbstractClientHttpResponse.java:112)
		at reactor.core.publisher.FluxSource.subscribe(FluxSource.java:71)
		at reactor.core.publisher.Flux.subscribe(Flux.java:8891)
		at reactor.core.publisher.MonoFlatMapMany$FlatMapManyMain.onNext(MonoFlatMapMany.java:196)
		at reactor.core.publisher.FluxContextWrite$ContextWriteSubscriber.onNext(FluxContextWrite.java:107)
		at reactor.core.publisher.FluxDoFinally$DoFinallySubscriber.onNext(FluxDoFinally.java:113)
		at reactor.core.publisher.MonoPeekTerminal$MonoTerminalPeekSubscriber.onNext(MonoPeekTerminal.java:180)
		at reactor.core.publisher.FluxPeekFuseable$PeekConditionalSubscriber.onNext(FluxPeekFuseable.java:854)
		at reactor.core.publisher.FluxSwitchIfEmpty$SwitchIfEmptySubscriber.onNext(FluxSwitchIfEmpty.java:74)
		at reactor.core.publisher.FluxPeek$PeekSubscriber.onNext(FluxPeek.java:200)
		at reactor.core.publisher.FluxMap$MapSubscriber.onNext(FluxMap.java:122)
		at reactor.core.publisher.FluxOnErrorResume$ResumeSubscriber.onNext(FluxOnErrorResume.java:79)
		at reactor.core.publisher.FluxPeek$PeekSubscriber.onNext(FluxPeek.java:200)
		at reactor.core.publisher.FluxPeek$PeekSubscriber.onNext(FluxPeek.java:200)
		at reactor.core.publisher.MonoIgnoreThen$ThenIgnoreMain.complete(MonoIgnoreThen.java:294)
		at reactor.core.publisher.MonoIgnoreThen$ThenIgnoreMain.onNext(MonoIgnoreThen.java:188)
		at reactor.core.publisher.FluxMap$MapSubscriber.onNext(FluxMap.java:122)
		at reactor.core.publisher.MonoCompletionStage$MonoCompletionStageSubscription.apply(MonoCompletionStage.java:121)
		at reactor.core.publisher.MonoCompletionStage$MonoCompletionStageSubscription.apply(MonoCompletionStage.java:67)
		at java.base/java.util.concurrent.CompletableFuture.uniHandle(CompletableFuture.java:934)
		at java.base/java.util.concurrent.CompletableFuture$UniHandle.tryFire(CompletableFuture.java:911)
		at java.base/java.util.concurrent.CompletableFuture.postComplete(CompletableFuture.java:510)
		at java.base/java.util.concurrent.CompletableFuture.postFire(CompletableFuture.java:614)
		at java.base/java.util.concurrent.CompletableFuture$UniWhenComplete.tryFire(CompletableFuture.java:844)
		at java.base/java.util.concurrent.CompletableFuture$Completion.exec(CompletableFuture.java:483)
		at java.base/java.util.concurrent.ForkJoinTask.doExec$$$capture(ForkJoinTask.java:387)
		at java.base/java.util.concurrent.ForkJoinTask.doExec(ForkJoinTask.java)
		at java.base/java.util.concurrent.ForkJoinPool$WorkQueue.topLevelExec(ForkJoinPool.java:1312)
		at java.base/java.util.concurrent.ForkJoinPool.scan(ForkJoinPool.java:1843)
		at java.base/java.util.concurrent.ForkJoinPool.runWorker(ForkJoinPool.java:1808)
		at java.base/java.util.concurrent.ForkJoinWorkerThread.run(ForkJoinWorkerThread.java:188)
2026-06-21 14:24:18.177 ERROR [boundedElastic-1] o.s.ai.chat.model.MessageAggregator - Aggregation Error
org.springframework.web.reactive.function.client.WebClientResponseException$BadRequest: 400 Bad Request from POST https://dashscope.aliyuncs.com/api/v1/services/aigc/text-generation/generation
	at org.springframework.web.reactive.function.client.WebClientResponseException.create(WebClientResponseException.java:321)
	Suppressed: reactor.core.publisher.FluxOnAssembly$OnAssemblyException: 
Error has been observed at the following site(s):
	*__checkpoint ⇢ 400 BAD_REQUEST from POST https://dashscope.aliyuncs.com/api/v1/services/aigc/text-generation/generation [DefaultWebClient]
Original Stack Trace:
		at org.springframework.web.reactive.function.client.WebClientResponseException.create(WebClientResponseException.java:321)
		at org.springframework.web.reactive.function.client.DefaultClientResponse.lambda$createException$1(DefaultClientResponse.java:214)
		at reactor.core.publisher.FluxMap$MapSubscriber.onNext(FluxMap.java:106)
		at reactor.core.publisher.FluxOnErrorReturn$ReturnSubscriber.onNext(FluxOnErrorReturn.java:162)
		at reactor.core.publisher.FluxDefaultIfEmpty$DefaultIfEmptySubscriber.onNext(FluxDefaultIfEmpty.java:122)
		at reactor.core.publisher.FluxMapFuseable$MapFuseableSubscriber.onNext(FluxMapFuseable.java:129)
		at reactor.core.publisher.FluxContextWrite$ContextWriteSubscriber.onNext(FluxContextWrite.java:107)
		at reactor.core.publisher.FluxMapFuseable$MapFuseableConditionalSubscriber.onNext(FluxMapFuseable.java:299)
		at reactor.core.publisher.FluxFilterFuseable$FilterFuseableConditionalSubscriber.onNext(FluxFilterFuseable.java:337)
		at reactor.core.publisher.Operators$BaseFluxToMonoOperator.completePossiblyEmpty(Operators.java:2096)
		at reactor.core.publisher.MonoCollect$CollectSubscriber.onComplete(MonoCollect.java:145)
		at reactor.core.publisher.FluxPublish$PublishSubscriber.checkTerminated(FluxPublish.java:634)
		at reactor.core.publisher.FluxPublish$PublishSubscriber.drain(FluxPublish.java:494)
		at reactor.core.publisher.FluxPublish$PublishSubscriber.onComplete(FluxPublish.java:355)
		at reactor.core.publisher.FluxContextWrite$ContextWriteSubscriber.onComplete(FluxContextWrite.java:126)
		at reactor.core.publisher.FluxMapFuseable$MapFuseableConditionalSubscriber.onComplete(FluxMapFuseable.java:350)
		at reactor.core.publisher.FluxFlattenIterable$FlattenIterableSubscriber.drainAsync(FluxFlattenIterable.java:371)
		at reactor.core.publisher.FluxFlattenIterable$FlattenIterableSubscriber.drain(FluxFlattenIterable.java:724)
		at reactor.core.publisher.FluxFlattenIterable$FlattenIterableSubscriber.onComplete(FluxFlattenIterable.java:273)
		at reactor.adapter.JdkFlowAdapter$SubscriberToRS.onComplete(JdkFlowAdapter.java:160)
		at java.net.http/jdk.internal.net.http.ResponseSubscribers$PublishingBodySubscriber.complete(ResponseSubscribers.java:955)
		at java.net.http/jdk.internal.net.http.ResponseSubscribers$PublishingBodySubscriber.lambda$new$1(ResponseSubscribers.java:886)
		at java.base/java.util.concurrent.CompletableFuture$UniAccept.tryFire$$$capture(CompletableFuture.java:718)
		at java.base/java.util.concurrent.CompletableFuture$UniAccept.tryFire(CompletableFuture.java)
		at java.base/java.util.concurrent.CompletableFuture.postComplete(CompletableFuture.java:510)
		at java.base/java.util.concurrent.CompletableFuture.complete(CompletableFuture.java:2179)
		at java.net.http/jdk.internal.net.http.ResponseSubscribers$PublishingBodySubscriber.lambda$subscribe$3(ResponseSubscribers.java:983)
		at java.base/java.util.concurrent.CompletableFuture.uniAcceptNow(CompletableFuture.java:757)
		at java.base/java.util.concurrent.CompletableFuture.uniAcceptStage(CompletableFuture.java:735)
		at java.base/java.util.concurrent.CompletableFuture.thenAccept(CompletableFuture.java:2214)
		at java.net.http/jdk.internal.net.http.ResponseSubscribers$PublishingBodySubscriber.subscribe(ResponseSubscribers.java:979)
		at reactor.adapter.JdkFlowAdapter$FlowPublisherAsFlux.subscribe(JdkFlowAdapter.java:68)
		at reactor.core.publisher.InternalFluxOperator.subscribe(InternalFluxOperator.java:68)
		at reactor.core.publisher.FluxPublish.connect(FluxPublish.java:106)
		at reactor.core.publisher.FluxAutoConnect.subscribe(FluxAutoConnect.java:62)
		at reactor.core.publisher.Flux.subscribe(Flux.java:8891)
		at org.springframework.http.client.reactive.AbstractClientHttpResponse$SingleSubscriberPublisher.subscribe(AbstractClientHttpResponse.java:112)
		at reactor.core.publisher.FluxSource.subscribe(FluxSource.java:71)
		at reactor.core.publisher.Flux.subscribe(Flux.java:8891)
		at reactor.core.publisher.MonoFlatMapMany$FlatMapManyMain.onNext(MonoFlatMapMany.java:196)
		at reactor.core.publisher.FluxContextWrite$ContextWriteSubscriber.onNext(FluxContextWrite.java:107)
		at reactor.core.publisher.FluxDoFinally$DoFinallySubscriber.onNext(FluxDoFinally.java:113)
		at reactor.core.publisher.MonoPeekTerminal$MonoTerminalPeekSubscriber.onNext(MonoPeekTerminal.java:180)
		at reactor.core.publisher.FluxPeekFuseable$PeekConditionalSubscriber.onNext(FluxPeekFuseable.java:854)
		at reactor.core.publisher.FluxSwitchIfEmpty$SwitchIfEmptySubscriber.onNext(FluxSwitchIfEmpty.java:74)
		at reactor.core.publisher.FluxPeek$PeekSubscriber.onNext(FluxPeek.java:200)
		at reactor.core.publisher.FluxMap$MapSubscriber.onNext(FluxMap.java:122)
		at reactor.core.publisher.FluxOnErrorResume$ResumeSubscriber.onNext(FluxOnErrorResume.java:79)
		at reactor.core.publisher.FluxPeek$PeekSubscriber.onNext(FluxPeek.java:200)
		at reactor.core.publisher.FluxPeek$PeekSubscriber.onNext(FluxPeek.java:200)
		at reactor.core.publisher.MonoIgnoreThen$ThenIgnoreMain.complete(MonoIgnoreThen.java:294)
		at reactor.core.publisher.MonoIgnoreThen$ThenIgnoreMain.onNext(MonoIgnoreThen.java:188)
		at reactor.core.publisher.FluxMap$MapSubscriber.onNext(FluxMap.java:122)
		at reactor.core.publisher.MonoCompletionStage$MonoCompletionStageSubscription.apply(MonoCompletionStage.java:121)
		at reactor.core.publisher.MonoCompletionStage$MonoCompletionStageSubscription.apply(MonoCompletionStage.java:67)
		at java.base/java.util.concurrent.CompletableFuture.uniHandle(CompletableFuture.java:934)
		at java.base/java.util.concurrent.CompletableFuture$UniHandle.tryFire(CompletableFuture.java:911)
		at java.base/java.util.concurrent.CompletableFuture.postComplete(CompletableFuture.java:510)
		at java.base/java.util.concurrent.CompletableFuture.postFire(CompletableFuture.java:614)
		at java.base/java.util.concurrent.CompletableFuture$UniWhenComplete.tryFire(CompletableFuture.java:844)
		at java.base/java.util.concurrent.CompletableFuture$Completion.exec(CompletableFuture.java:483)
		at java.base/java.util.concurrent.ForkJoinTask.doExec$$$capture(ForkJoinTask.java:387)
		at java.base/java.util.concurrent.ForkJoinTask.doExec(ForkJoinTask.java)
		at java.base/java.util.concurrent.ForkJoinPool$WorkQueue.topLevelExec(ForkJoinPool.java:1312)
		at java.base/java.util.concurrent.ForkJoinPool.scan(ForkJoinPool.java:1843)
		at java.base/java.util.concurrent.ForkJoinPool.runWorker(ForkJoinPool.java:1808)
		at java.base/java.util.concurrent.ForkJoinWorkerThread.run(ForkJoinWorkerThread.java:188)
2026-06-21 14:24:18.178 ERROR [boundedElastic-1] o.s.ai.chat.model.MessageAggregator - Aggregation Error
org.springframework.web.reactive.function.client.WebClientResponseException$BadRequest: 400 Bad Request from POST https://dashscope.aliyuncs.com/api/v1/services/aigc/text-generation/generation
	at org.springframework.web.reactive.function.client.WebClientResponseException.create(WebClientResponseException.java:321)
	Suppressed: reactor.core.publisher.FluxOnAssembly$OnAssemblyException: 
Error has been observed at the following site(s):
	*__checkpoint ⇢ 400 BAD_REQUEST from POST https://dashscope.aliyuncs.com/api/v1/services/aigc/text-generation/generation [DefaultWebClient]
Original Stack Trace:
		at org.springframework.web.reactive.function.client.WebClientResponseException.create(WebClientResponseException.java:321)
		at org.springframework.web.reactive.function.client.DefaultClientResponse.lambda$createException$1(DefaultClientResponse.java:214)
		at reactor.core.publisher.FluxMap$MapSubscriber.onNext(FluxMap.java:106)
		at reactor.core.publisher.FluxOnErrorReturn$ReturnSubscriber.onNext(FluxOnErrorReturn.java:162)
		at reactor.core.publisher.FluxDefaultIfEmpty$DefaultIfEmptySubscriber.onNext(FluxDefaultIfEmpty.java:122)
		at reactor.core.publisher.FluxMapFuseable$MapFuseableSubscriber.onNext(FluxMapFuseable.java:129)
		at reactor.core.publisher.FluxContextWrite$ContextWriteSubscriber.onNext(FluxContextWrite.java:107)
		at reactor.core.publisher.FluxMapFuseable$MapFuseableConditionalSubscriber.onNext(FluxMapFuseable.java:299)
		at reactor.core.publisher.FluxFilterFuseable$FilterFuseableConditionalSubscriber.onNext(FluxFilterFuseable.java:337)
		at reactor.core.publisher.Operators$BaseFluxToMonoOperator.completePossiblyEmpty(Operators.java:2096)
		at reactor.core.publisher.MonoCollect$CollectSubscriber.onComplete(MonoCollect.java:145)
		at reactor.core.publisher.FluxPublish$PublishSubscriber.checkTerminated(FluxPublish.java:634)
		at reactor.core.publisher.FluxPublish$PublishSubscriber.drain(FluxPublish.java:494)
		at reactor.core.publisher.FluxPublish$PublishSubscriber.onComplete(FluxPublish.java:355)
		at reactor.core.publisher.FluxContextWrite$ContextWriteSubscriber.onComplete(FluxContextWrite.java:126)
		at reactor.core.publisher.FluxMapFuseable$MapFuseableConditionalSubscriber.onComplete(FluxMapFuseable.java:350)
		at reactor.core.publisher.FluxFlattenIterable$FlattenIterableSubscriber.drainAsync(FluxFlattenIterable.java:371)
		at reactor.core.publisher.FluxFlattenIterable$FlattenIterableSubscriber.drain(FluxFlattenIterable.java:724)
		at reactor.core.publisher.FluxFlattenIterable$FlattenIterableSubscriber.onComplete(FluxFlattenIterable.java:273)
		at reactor.adapter.JdkFlowAdapter$SubscriberToRS.onComplete(JdkFlowAdapter.java:160)
		at java.net.http/jdk.internal.net.http.ResponseSubscribers$PublishingBodySubscriber.complete(ResponseSubscribers.java:955)
		at java.net.http/jdk.internal.net.http.ResponseSubscribers$PublishingBodySubscriber.lambda$new$1(ResponseSubscribers.java:886)
		at java.base/java.util.concurrent.CompletableFuture$UniAccept.tryFire$$$capture(CompletableFuture.java:718)
		at java.base/java.util.concurrent.CompletableFuture$UniAccept.tryFire(CompletableFuture.java)
		at java.base/java.util.concurrent.CompletableFuture.postComplete(CompletableFuture.java:510)
		at java.base/java.util.concurrent.CompletableFuture.complete(CompletableFuture.java:2179)
		at java.net.http/jdk.internal.net.http.ResponseSubscribers$PublishingBodySubscriber.lambda$subscribe$3(ResponseSubscribers.java:983)
		at java.base/java.util.concurrent.CompletableFuture.uniAcceptNow(CompletableFuture.java:757)
		at java.base/java.util.concurrent.CompletableFuture.uniAcceptStage(CompletableFuture.java:735)
		at java.base/java.util.concurrent.CompletableFuture.thenAccept(CompletableFuture.java:2214)
		at java.net.http/jdk.internal.net.http.ResponseSubscribers$PublishingBodySubscriber.subscribe(ResponseSubscribers.java:979)
		at reactor.adapter.JdkFlowAdapter$FlowPublisherAsFlux.subscribe(JdkFlowAdapter.java:68)
		at reactor.core.publisher.InternalFluxOperator.subscribe(InternalFluxOperator.java:68)
		at reactor.core.publisher.FluxPublish.connect(FluxPublish.java:106)
		at reactor.core.publisher.FluxAutoConnect.subscribe(FluxAutoConnect.java:62)
		at reactor.core.publisher.Flux.subscribe(Flux.java:8891)
		at org.springframework.http.client.reactive.AbstractClientHttpResponse$SingleSubscriberPublisher.subscribe(AbstractClientHttpResponse.java:112)
		at reactor.core.publisher.FluxSource.subscribe(FluxSource.java:71)
		at reactor.core.publisher.Flux.subscribe(Flux.java:8891)
		at reactor.core.publisher.MonoFlatMapMany$FlatMapManyMain.onNext(MonoFlatMapMany.java:196)
		at reactor.core.publisher.FluxContextWrite$ContextWriteSubscriber.onNext(FluxContextWrite.java:107)
		at reactor.core.publisher.FluxDoFinally$DoFinallySubscriber.onNext(FluxDoFinally.java:113)
		at reactor.core.publisher.MonoPeekTerminal$MonoTerminalPeekSubscriber.onNext(MonoPeekTerminal.java:180)
		at reactor.core.publisher.FluxPeekFuseable$PeekConditionalSubscriber.onNext(FluxPeekFuseable.java:854)
		at reactor.core.publisher.FluxSwitchIfEmpty$SwitchIfEmptySubscriber.onNext(FluxSwitchIfEmpty.java:74)
		at reactor.core.publisher.FluxPeek$PeekSubscriber.onNext(FluxPeek.java:200)
		at reactor.core.publisher.FluxMap$MapSubscriber.onNext(FluxMap.java:122)
		at reactor.core.publisher.FluxOnErrorResume$ResumeSubscriber.onNext(FluxOnErrorResume.java:79)
		at reactor.core.publisher.FluxPeek$PeekSubscriber.onNext(FluxPeek.java:200)
		at reactor.core.publisher.FluxPeek$PeekSubscriber.onNext(FluxPeek.java:200)
		at reactor.core.publisher.MonoIgnoreThen$ThenIgnoreMain.complete(MonoIgnoreThen.java:294)
		at reactor.core.publisher.MonoIgnoreThen$ThenIgnoreMain.onNext(MonoIgnoreThen.java:188)
		at reactor.core.publisher.FluxMap$MapSubscriber.onNext(FluxMap.java:122)
		at reactor.core.publisher.MonoCompletionStage$MonoCompletionStageSubscription.apply(MonoCompletionStage.java:121)
		at reactor.core.publisher.MonoCompletionStage$MonoCompletionStageSubscription.apply(MonoCompletionStage.java:67)
		at java.base/java.util.concurrent.CompletableFuture.uniHandle(CompletableFuture.java:934)
		at java.base/java.util.concurrent.CompletableFuture$UniHandle.tryFire(CompletableFuture.java:911)
		at java.base/java.util.concurrent.CompletableFuture.postComplete(CompletableFuture.java:510)
		at java.base/java.util.concurrent.CompletableFuture.postFire(CompletableFuture.java:614)
		at java.base/java.util.concurrent.CompletableFuture$UniWhenComplete.tryFire(CompletableFuture.java:844)
		at java.base/java.util.concurrent.CompletableFuture$Completion.exec(CompletableFuture.java:483)
		at java.base/java.util.concurrent.ForkJoinTask.doExec$$$capture(ForkJoinTask.java:387)
		at java.base/java.util.concurrent.ForkJoinTask.doExec(ForkJoinTask.java)
		at java.base/java.util.concurrent.ForkJoinPool$WorkQueue.topLevelExec(ForkJoinPool.java:1312)
		at java.base/java.util.concurrent.ForkJoinPool.scan(ForkJoinPool.java:1843)
		at java.base/java.util.concurrent.ForkJoinPool.runWorker(ForkJoinPool.java:1808)
		at java.base/java.util.concurrent.ForkJoinWorkerThread.run(ForkJoinWorkerThread.java:188)
2026-06-21 14:24:18.180 ERROR [boundedElastic-1] c.a.c.ai.graph.executor.NodeExecutor - Error signal occurred in embedded Flux stream for key 'messages': 400 Bad Request from POST https://dashscope.aliyuncs.com/api/v1/services/aigc/text-generation/generation
2026-06-21 14:25:02.205 ERROR [ForkJoinPool.commonPool-worker-1] o.s.ai.chat.model.MessageAggregator - Aggregation Error
org.springframework.web.reactive.function.client.WebClientResponseException$BadRequest: 400 Bad Request from POST https://dashscope.aliyuncs.com/api/v1/services/aigc/text-generation/generation
	at org.springframework.web.reactive.function.client.WebClientResponseException.create(WebClientResponseException.java:321)
	Suppressed: reactor.core.publisher.FluxOnAssembly$OnAssemblyException: 
Error has been observed at the following site(s):
	*__checkpoint ⇢ 400 BAD_REQUEST from POST https://dashscope.aliyuncs.com/api/v1/services/aigc/text-generation/generation [DefaultWebClient]
Original Stack Trace:
		at org.springframework.web.reactive.function.client.WebClientResponseException.create(WebClientResponseException.java:321)
		at org.springframework.web.reactive.function.client.DefaultClientResponse.lambda$createException$1(DefaultClientResponse.java:214)
		at reactor.core.publisher.FluxMap$MapSubscriber.onNext(FluxMap.java:106)
		at reactor.core.publisher.FluxOnErrorReturn$ReturnSubscriber.onNext(FluxOnErrorReturn.java:162)
		at reactor.core.publisher.FluxDefaultIfEmpty$DefaultIfEmptySubscriber.onNext(FluxDefaultIfEmpty.java:122)
		at reactor.core.publisher.FluxMapFuseable$MapFuseableSubscriber.onNext(FluxMapFuseable.java:129)
		at reactor.core.publisher.FluxContextWrite$ContextWriteSubscriber.onNext(FluxContextWrite.java:107)
		at reactor.core.publisher.FluxMapFuseable$MapFuseableConditionalSubscriber.onNext(FluxMapFuseable.java:299)
		at reactor.core.publisher.FluxFilterFuseable$FilterFuseableConditionalSubscriber.onNext(FluxFilterFuseable.java:337)
		at reactor.core.publisher.Operators$BaseFluxToMonoOperator.completePossiblyEmpty(Operators.java:2096)
		at reactor.core.publisher.MonoCollect$CollectSubscriber.onComplete(MonoCollect.java:145)
		at reactor.core.publisher.FluxPublish$PublishSubscriber.checkTerminated(FluxPublish.java:634)
		at reactor.core.publisher.FluxPublish$PublishSubscriber.drain(FluxPublish.java:494)
		at reactor.core.publisher.FluxPublish$PublishSubscriber.onComplete(FluxPublish.java:355)
		at reactor.core.publisher.FluxContextWrite$ContextWriteSubscriber.onComplete(FluxContextWrite.java:126)
		at reactor.core.publisher.FluxMapFuseable$MapFuseableConditionalSubscriber.onComplete(FluxMapFuseable.java:350)
		at reactor.core.publisher.FluxFlattenIterable$FlattenIterableSubscriber.drainAsync(FluxFlattenIterable.java:371)
		at reactor.core.publisher.FluxFlattenIterable$FlattenIterableSubscriber.drain(FluxFlattenIterable.java:724)
		at reactor.core.publisher.FluxFlattenIterable$FlattenIterableSubscriber.onComplete(FluxFlattenIterable.java:273)
		at reactor.adapter.JdkFlowAdapter$SubscriberToRS.onComplete(JdkFlowAdapter.java:160)
		at java.net.http/jdk.internal.net.http.ResponseSubscribers$PublishingBodySubscriber.complete(ResponseSubscribers.java:955)
		at java.net.http/jdk.internal.net.http.ResponseSubscribers$PublishingBodySubscriber.lambda$new$1(ResponseSubscribers.java:886)
		at java.base/java.util.concurrent.CompletableFuture$UniAccept.tryFire$$$capture(CompletableFuture.java:718)
		at java.base/java.util.concurrent.CompletableFuture$UniAccept.tryFire(CompletableFuture.java)
		at java.base/java.util.concurrent.CompletableFuture.postComplete(CompletableFuture.java:510)
		at java.base/java.util.concurrent.CompletableFuture.complete(CompletableFuture.java:2179)
		at java.net.http/jdk.internal.net.http.ResponseSubscribers$PublishingBodySubscriber.lambda$subscribe$3(ResponseSubscribers.java:983)
		at java.base/java.util.concurrent.CompletableFuture.uniAcceptNow(CompletableFuture.java:757)
		at java.base/java.util.concurrent.CompletableFuture.uniAcceptStage(CompletableFuture.java:735)
		at java.base/java.util.concurrent.CompletableFuture.thenAccept(CompletableFuture.java:2214)
		at java.net.http/jdk.internal.net.http.ResponseSubscribers$PublishingBodySubscriber.subscribe(ResponseSubscribers.java:979)
		at reactor.adapter.JdkFlowAdapter$FlowPublisherAsFlux.subscribe(JdkFlowAdapter.java:68)
		at reactor.core.publisher.InternalFluxOperator.subscribe(InternalFluxOperator.java:68)
		at reactor.core.publisher.FluxPublish.connect(FluxPublish.java:106)
		at reactor.core.publisher.FluxAutoConnect.subscribe(FluxAutoConnect.java:62)
		at reactor.core.publisher.Flux.subscribe(Flux.java:8891)
		at org.springframework.http.client.reactive.AbstractClientHttpResponse$SingleSubscriberPublisher.subscribe(AbstractClientHttpResponse.java:112)
		at reactor.core.publisher.FluxSource.subscribe(FluxSource.java:71)
		at reactor.core.publisher.Flux.subscribe(Flux.java:8891)
		at reactor.core.publisher.MonoFlatMapMany$FlatMapManyMain.onNext(MonoFlatMapMany.java:196)
		at reactor.core.publisher.FluxContextWrite$ContextWriteSubscriber.onNext(FluxContextWrite.java:107)
		at reactor.core.publisher.FluxDoFinally$DoFinallySubscriber.onNext(FluxDoFinally.java:113)
		at reactor.core.publisher.MonoPeekTerminal$MonoTerminalPeekSubscriber.onNext(MonoPeekTerminal.java:180)
		at reactor.core.publisher.FluxPeekFuseable$PeekConditionalSubscriber.onNext(FluxPeekFuseable.java:854)
		at reactor.core.publisher.FluxSwitchIfEmpty$SwitchIfEmptySubscriber.onNext(FluxSwitchIfEmpty.java:74)
		at reactor.core.publisher.FluxPeek$PeekSubscriber.onNext(FluxPeek.java:200)
		at reactor.core.publisher.FluxMap$MapSubscriber.onNext(FluxMap.java:122)
		at reactor.core.publisher.FluxOnErrorResume$ResumeSubscriber.onNext(FluxOnErrorResume.java:79)
		at reactor.core.publisher.FluxPeek$PeekSubscriber.onNext(FluxPeek.java:200)
		at reactor.core.publisher.FluxPeek$PeekSubscriber.onNext(FluxPeek.java:200)
		at reactor.core.publisher.MonoIgnoreThen$ThenIgnoreMain.complete(MonoIgnoreThen.java:294)
		at reactor.core.publisher.MonoIgnoreThen$ThenIgnoreMain.onNext(MonoIgnoreThen.java:188)
		at reactor.core.publisher.FluxMap$MapSubscriber.onNext(FluxMap.java:122)
		at reactor.core.publisher.MonoCompletionStage$MonoCompletionStageSubscription.apply(MonoCompletionStage.java:121)
		at reactor.core.publisher.MonoCompletionStage$MonoCompletionStageSubscription.apply(MonoCompletionStage.java:67)
		at java.base/java.util.concurrent.CompletableFuture.uniHandle(CompletableFuture.java:934)
		at java.base/java.util.concurrent.CompletableFuture$UniHandle.tryFire(CompletableFuture.java:911)
		at java.base/java.util.concurrent.CompletableFuture.postComplete(CompletableFuture.java:510)
		at java.base/java.util.concurrent.CompletableFuture.postFire(CompletableFuture.java:614)
		at java.base/java.util.concurrent.CompletableFuture$UniWhenComplete.tryFire(CompletableFuture.java:844)
		at java.base/java.util.concurrent.CompletableFuture$Completion.exec(CompletableFuture.java:483)
		at java.base/java.util.concurrent.ForkJoinTask.doExec$$$capture(ForkJoinTask.java:387)
		at java.base/java.util.concurrent.ForkJoinTask.doExec(ForkJoinTask.java)
		at java.base/java.util.concurrent.ForkJoinPool$WorkQueue.topLevelExec(ForkJoinPool.java:1312)
		at java.base/java.util.concurrent.ForkJoinPool.scan(ForkJoinPool.java:1843)
		at java.base/java.util.concurrent.ForkJoinPool.runWorker(ForkJoinPool.java:1808)
		at java.base/java.util.concurrent.ForkJoinWorkerThread.run(ForkJoinWorkerThread.java:188)
2026-06-21 14:25:02.209 ERROR [boundedElastic-1] o.s.ai.chat.model.MessageAggregator - Aggregation Error
org.springframework.web.reactive.function.client.WebClientResponseException$BadRequest: 400 Bad Request from POST https://dashscope.aliyuncs.com/api/v1/services/aigc/text-generation/generation
	at org.springframework.web.reactive.function.client.WebClientResponseException.create(WebClientResponseException.java:321)
	Suppressed: reactor.core.publisher.FluxOnAssembly$OnAssemblyException: 
Error has been observed at the following site(s):
	*__checkpoint ⇢ 400 BAD_REQUEST from POST https://dashscope.aliyuncs.com/api/v1/services/aigc/text-generation/generation [DefaultWebClient]
Original Stack Trace:
		at org.springframework.web.reactive.function.client.WebClientResponseException.create(WebClientResponseException.java:321)
		at org.springframework.web.reactive.function.client.DefaultClientResponse.lambda$createException$1(DefaultClientResponse.java:214)
		at reactor.core.publisher.FluxMap$MapSubscriber.onNext(FluxMap.java:106)
		at reactor.core.publisher.FluxOnErrorReturn$ReturnSubscriber.onNext(FluxOnErrorReturn.java:162)
		at reactor.core.publisher.FluxDefaultIfEmpty$DefaultIfEmptySubscriber.onNext(FluxDefaultIfEmpty.java:122)
		at reactor.core.publisher.FluxMapFuseable$MapFuseableSubscriber.onNext(FluxMapFuseable.java:129)
		at reactor.core.publisher.FluxContextWrite$ContextWriteSubscriber.onNext(FluxContextWrite.java:107)
		at reactor.core.publisher.FluxMapFuseable$MapFuseableConditionalSubscriber.onNext(FluxMapFuseable.java:299)
		at reactor.core.publisher.FluxFilterFuseable$FilterFuseableConditionalSubscriber.onNext(FluxFilterFuseable.java:337)
		at reactor.core.publisher.Operators$BaseFluxToMonoOperator.completePossiblyEmpty(Operators.java:2096)
		at reactor.core.publisher.MonoCollect$CollectSubscriber.onComplete(MonoCollect.java:145)
		at reactor.core.publisher.FluxPublish$PublishSubscriber.checkTerminated(FluxPublish.java:634)
		at reactor.core.publisher.FluxPublish$PublishSubscriber.drain(FluxPublish.java:494)
		at reactor.core.publisher.FluxPublish$PublishSubscriber.onComplete(FluxPublish.java:355)
		at reactor.core.publisher.FluxContextWrite$ContextWriteSubscriber.onComplete(FluxContextWrite.java:126)
		at reactor.core.publisher.FluxMapFuseable$MapFuseableConditionalSubscriber.onComplete(FluxMapFuseable.java:350)
		at reactor.core.publisher.FluxFlattenIterable$FlattenIterableSubscriber.drainAsync(FluxFlattenIterable.java:371)
		at reactor.core.publisher.FluxFlattenIterable$FlattenIterableSubscriber.drain(FluxFlattenIterable.java:724)
		at reactor.core.publisher.FluxFlattenIterable$FlattenIterableSubscriber.onComplete(FluxFlattenIterable.java:273)
		at reactor.adapter.JdkFlowAdapter$SubscriberToRS.onComplete(JdkFlowAdapter.java:160)
		at java.net.http/jdk.internal.net.http.ResponseSubscribers$PublishingBodySubscriber.complete(ResponseSubscribers.java:955)
		at java.net.http/jdk.internal.net.http.ResponseSubscribers$PublishingBodySubscriber.lambda$new$1(ResponseSubscribers.java:886)
		at java.base/java.util.concurrent.CompletableFuture$UniAccept.tryFire$$$capture(CompletableFuture.java:718)
		at java.base/java.util.concurrent.CompletableFuture$UniAccept.tryFire(CompletableFuture.java)
		at java.base/java.util.concurrent.CompletableFuture.postComplete(CompletableFuture.java:510)
		at java.base/java.util.concurrent.CompletableFuture.complete(CompletableFuture.java:2179)
		at java.net.http/jdk.internal.net.http.ResponseSubscribers$PublishingBodySubscriber.lambda$subscribe$3(ResponseSubscribers.java:983)
		at java.base/java.util.concurrent.CompletableFuture.uniAcceptNow(CompletableFuture.java:757)
		at java.base/java.util.concurrent.CompletableFuture.uniAcceptStage(CompletableFuture.java:735)
		at java.base/java.util.concurrent.CompletableFuture.thenAccept(CompletableFuture.java:2214)
		at java.net.http/jdk.internal.net.http.ResponseSubscribers$PublishingBodySubscriber.subscribe(ResponseSubscribers.java:979)
		at reactor.adapter.JdkFlowAdapter$FlowPublisherAsFlux.subscribe(JdkFlowAdapter.java:68)
		at reactor.core.publisher.InternalFluxOperator.subscribe(InternalFluxOperator.java:68)
		at reactor.core.publisher.FluxPublish.connect(FluxPublish.java:106)
		at reactor.core.publisher.FluxAutoConnect.subscribe(FluxAutoConnect.java:62)
		at reactor.core.publisher.Flux.subscribe(Flux.java:8891)
		at org.springframework.http.client.reactive.AbstractClientHttpResponse$SingleSubscriberPublisher.subscribe(AbstractClientHttpResponse.java:112)
		at reactor.core.publisher.FluxSource.subscribe(FluxSource.java:71)
		at reactor.core.publisher.Flux.subscribe(Flux.java:8891)
		at reactor.core.publisher.MonoFlatMapMany$FlatMapManyMain.onNext(MonoFlatMapMany.java:196)
		at reactor.core.publisher.FluxContextWrite$ContextWriteSubscriber.onNext(FluxContextWrite.java:107)
		at reactor.core.publisher.FluxDoFinally$DoFinallySubscriber.onNext(FluxDoFinally.java:113)
		at reactor.core.publisher.MonoPeekTerminal$MonoTerminalPeekSubscriber.onNext(MonoPeekTerminal.java:180)
		at reactor.core.publisher.FluxPeekFuseable$PeekConditionalSubscriber.onNext(FluxPeekFuseable.java:854)
		at reactor.core.publisher.FluxSwitchIfEmpty$SwitchIfEmptySubscriber.onNext(FluxSwitchIfEmpty.java:74)
		at reactor.core.publisher.FluxPeek$PeekSubscriber.onNext(FluxPeek.java:200)
		at reactor.core.publisher.FluxMap$MapSubscriber.onNext(FluxMap.java:122)
		at reactor.core.publisher.FluxOnErrorResume$ResumeSubscriber.onNext(FluxOnErrorResume.java:79)
		at reactor.core.publisher.FluxPeek$PeekSubscriber.onNext(FluxPeek.java:200)
		at reactor.core.publisher.FluxPeek$PeekSubscriber.onNext(FluxPeek.java:200)
		at reactor.core.publisher.MonoIgnoreThen$ThenIgnoreMain.complete(MonoIgnoreThen.java:294)
		at reactor.core.publisher.MonoIgnoreThen$ThenIgnoreMain.onNext(MonoIgnoreThen.java:188)
		at reactor.core.publisher.FluxMap$MapSubscriber.onNext(FluxMap.java:122)
		at reactor.core.publisher.MonoCompletionStage$MonoCompletionStageSubscription.apply(MonoCompletionStage.java:121)
		at reactor.core.publisher.MonoCompletionStage$MonoCompletionStageSubscription.apply(MonoCompletionStage.java:67)
		at java.base/java.util.concurrent.CompletableFuture.uniHandle(CompletableFuture.java:934)
		at java.base/java.util.concurrent.CompletableFuture$UniHandle.tryFire(CompletableFuture.java:911)
		at java.base/java.util.concurrent.CompletableFuture.postComplete(CompletableFuture.java:510)
		at java.base/java.util.concurrent.CompletableFuture.postFire(CompletableFuture.java:614)
		at java.base/java.util.concurrent.CompletableFuture$UniWhenComplete.tryFire(CompletableFuture.java:844)
		at java.base/java.util.concurrent.CompletableFuture$Completion.exec(CompletableFuture.java:483)
		at java.base/java.util.concurrent.ForkJoinTask.doExec$$$capture(ForkJoinTask.java:387)
		at java.base/java.util.concurrent.ForkJoinTask.doExec(ForkJoinTask.java)
		at java.base/java.util.concurrent.ForkJoinPool$WorkQueue.topLevelExec(ForkJoinPool.java:1312)
		at java.base/java.util.concurrent.ForkJoinPool.scan(ForkJoinPool.java:1843)
		at java.base/java.util.concurrent.ForkJoinPool.runWorker(ForkJoinPool.java:1808)
		at java.base/java.util.concurrent.ForkJoinWorkerThread.run(ForkJoinWorkerThread.java:188)
2026-06-21 14:25:02.238 ERROR [boundedElastic-1] o.s.ai.chat.model.MessageAggregator - Aggregation Error
org.springframework.web.reactive.function.client.WebClientResponseException$BadRequest: 400 Bad Request from POST https://dashscope.aliyuncs.com/api/v1/services/aigc/text-generation/generation
	at org.springframework.web.reactive.function.client.WebClientResponseException.create(WebClientResponseException.java:321)
	Suppressed: reactor.core.publisher.FluxOnAssembly$OnAssemblyException: 
Error has been observed at the following site(s):
	*__checkpoint ⇢ 400 BAD_REQUEST from POST https://dashscope.aliyuncs.com/api/v1/services/aigc/text-generation/generation [DefaultWebClient]
Original Stack Trace:
		at org.springframework.web.reactive.function.client.WebClientResponseException.create(WebClientResponseException.java:321)
		at org.springframework.web.reactive.function.client.DefaultClientResponse.lambda$createException$1(DefaultClientResponse.java:214)
		at reactor.core.publisher.FluxMap$MapSubscriber.onNext(FluxMap.java:106)
		at reactor.core.publisher.FluxOnErrorReturn$ReturnSubscriber.onNext(FluxOnErrorReturn.java:162)
		at reactor.core.publisher.FluxDefaultIfEmpty$DefaultIfEmptySubscriber.onNext(FluxDefaultIfEmpty.java:122)
		at reactor.core.publisher.FluxMapFuseable$MapFuseableSubscriber.onNext(FluxMapFuseable.java:129)
		at reactor.core.publisher.FluxContextWrite$ContextWriteSubscriber.onNext(FluxContextWrite.java:107)
		at reactor.core.publisher.FluxMapFuseable$MapFuseableConditionalSubscriber.onNext(FluxMapFuseable.java:299)
		at reactor.core.publisher.FluxFilterFuseable$FilterFuseableConditionalSubscriber.onNext(FluxFilterFuseable.java:337)
		at reactor.core.publisher.Operators$BaseFluxToMonoOperator.completePossiblyEmpty(Operators.java:2096)
		at reactor.core.publisher.MonoCollect$CollectSubscriber.onComplete(MonoCollect.java:145)
		at reactor.core.publisher.FluxPublish$PublishSubscriber.checkTerminated(FluxPublish.java:634)
		at reactor.core.publisher.FluxPublish$PublishSubscriber.drain(FluxPublish.java:494)
		at reactor.core.publisher.FluxPublish$PublishSubscriber.onComplete(FluxPublish.java:355)
		at reactor.core.publisher.FluxContextWrite$ContextWriteSubscriber.onComplete(FluxContextWrite.java:126)
		at reactor.core.publisher.FluxMapFuseable$MapFuseableConditionalSubscriber.onComplete(FluxMapFuseable.java:350)
		at reactor.core.publisher.FluxFlattenIterable$FlattenIterableSubscriber.drainAsync(FluxFlattenIterable.java:371)
		at reactor.core.publisher.FluxFlattenIterable$FlattenIterableSubscriber.drain(FluxFlattenIterable.java:724)
		at reactor.core.publisher.FluxFlattenIterable$FlattenIterableSubscriber.onComplete(FluxFlattenIterable.java:273)
		at reactor.adapter.JdkFlowAdapter$SubscriberToRS.onComplete(JdkFlowAdapter.java:160)
		at java.net.http/jdk.internal.net.http.ResponseSubscribers$PublishingBodySubscriber.complete(ResponseSubscribers.java:955)
		at java.net.http/jdk.internal.net.http.ResponseSubscribers$PublishingBodySubscriber.lambda$new$1(ResponseSubscribers.java:886)
		at java.base/java.util.concurrent.CompletableFuture$UniAccept.tryFire$$$capture(CompletableFuture.java:718)
		at java.base/java.util.concurrent.CompletableFuture$UniAccept.tryFire(CompletableFuture.java)
		at java.base/java.util.concurrent.CompletableFuture.postComplete(CompletableFuture.java:510)
		at java.base/java.util.concurrent.CompletableFuture.complete(CompletableFuture.java:2179)
		at java.net.http/jdk.internal.net.http.ResponseSubscribers$PublishingBodySubscriber.lambda$subscribe$3(ResponseSubscribers.java:983)
		at java.base/java.util.concurrent.CompletableFuture.uniAcceptNow(CompletableFuture.java:757)
		at java.base/java.util.concurrent.CompletableFuture.uniAcceptStage(CompletableFuture.java:735)
		at java.base/java.util.concurrent.CompletableFuture.thenAccept(CompletableFuture.java:2214)
		at java.net.http/jdk.internal.net.http.ResponseSubscribers$PublishingBodySubscriber.subscribe(ResponseSubscribers.java:979)
		at reactor.adapter.JdkFlowAdapter$FlowPublisherAsFlux.subscribe(JdkFlowAdapter.java:68)
		at reactor.core.publisher.InternalFluxOperator.subscribe(InternalFluxOperator.java:68)
		at reactor.core.publisher.FluxPublish.connect(FluxPublish.java:106)
		at reactor.core.publisher.FluxAutoConnect.subscribe(FluxAutoConnect.java:62)
		at reactor.core.publisher.Flux.subscribe(Flux.java:8891)
		at org.springframework.http.client.reactive.AbstractClientHttpResponse$SingleSubscriberPublisher.subscribe(AbstractClientHttpResponse.java:112)
		at reactor.core.publisher.FluxSource.subscribe(FluxSource.java:71)
		at reactor.core.publisher.Flux.subscribe(Flux.java:8891)
		at reactor.core.publisher.MonoFlatMapMany$FlatMapManyMain.onNext(MonoFlatMapMany.java:196)
		at reactor.core.publisher.FluxContextWrite$ContextWriteSubscriber.onNext(FluxContextWrite.java:107)
		at reactor.core.publisher.FluxDoFinally$DoFinallySubscriber.onNext(FluxDoFinally.java:113)
		at reactor.core.publisher.MonoPeekTerminal$MonoTerminalPeekSubscriber.onNext(MonoPeekTerminal.java:180)
		at reactor.core.publisher.FluxPeekFuseable$PeekConditionalSubscriber.onNext(FluxPeekFuseable.java:854)
		at reactor.core.publisher.FluxSwitchIfEmpty$SwitchIfEmptySubscriber.onNext(FluxSwitchIfEmpty.java:74)
		at reactor.core.publisher.FluxPeek$PeekSubscriber.onNext(FluxPeek.java:200)
		at reactor.core.publisher.FluxMap$MapSubscriber.onNext(FluxMap.java:122)
		at reactor.core.publisher.FluxOnErrorResume$ResumeSubscriber.onNext(FluxOnErrorResume.java:79)
		at reactor.core.publisher.FluxPeek$PeekSubscriber.onNext(FluxPeek.java:200)
		at reactor.core.publisher.FluxPeek$PeekSubscriber.onNext(FluxPeek.java:200)
		at reactor.core.publisher.MonoIgnoreThen$ThenIgnoreMain.complete(MonoIgnoreThen.java:294)
		at reactor.core.publisher.MonoIgnoreThen$ThenIgnoreMain.onNext(MonoIgnoreThen.java:188)
		at reactor.core.publisher.FluxMap$MapSubscriber.onNext(FluxMap.java:122)
		at reactor.core.publisher.MonoCompletionStage$MonoCompletionStageSubscription.apply(MonoCompletionStage.java:121)
		at reactor.core.publisher.MonoCompletionStage$MonoCompletionStageSubscription.apply(MonoCompletionStage.java:67)
		at java.base/java.util.concurrent.CompletableFuture.uniHandle(CompletableFuture.java:934)
		at java.base/java.util.concurrent.CompletableFuture$UniHandle.tryFire(CompletableFuture.java:911)
		at java.base/java.util.concurrent.CompletableFuture.postComplete(CompletableFuture.java:510)
		at java.base/java.util.concurrent.CompletableFuture.postFire(CompletableFuture.java:614)
		at java.base/java.util.concurrent.CompletableFuture$UniWhenComplete.tryFire(CompletableFuture.java:844)
		at java.base/java.util.concurrent.CompletableFuture$Completion.exec(CompletableFuture.java:483)
		at java.base/java.util.concurrent.ForkJoinTask.doExec$$$capture(ForkJoinTask.java:387)
		at java.base/java.util.concurrent.ForkJoinTask.doExec(ForkJoinTask.java)
		at java.base/java.util.concurrent.ForkJoinPool$WorkQueue.topLevelExec(ForkJoinPool.java:1312)
		at java.base/java.util.concurrent.ForkJoinPool.scan(ForkJoinPool.java:1843)
		at java.base/java.util.concurrent.ForkJoinPool.runWorker(ForkJoinPool.java:1808)
		at java.base/java.util.concurrent.ForkJoinWorkerThread.run(ForkJoinWorkerThread.java:188)
2026-06-21 14:25:02.239 ERROR [boundedElastic-1] c.a.c.ai.graph.executor.NodeExecutor - Error signal occurred in embedded Flux stream for key 'messages': 400 Bad Request from POST https://dashscope.aliyuncs.com/api/v1/services/aigc/text-generation/generation
2026-06-21 14:29:18.087 WARN  [HikariPool-1:housekeeper] com.zaxxer.hikari.pool.HikariPool - HikariPool-1 - Thread starvation or clock leap detected (housekeeper delta=56s502ms700µs400ns).
2026-06-21 14:31:46.637 ERROR [ForkJoinPool.commonPool-worker-2] o.s.ai.chat.model.MessageAggregator - Aggregation Error
org.springframework.web.reactive.function.client.WebClientResponseException$BadRequest: 400 Bad Request from POST https://dashscope.aliyuncs.com/api/v1/services/aigc/text-generation/generation
	at org.springframework.web.reactive.function.client.WebClientResponseException.create(WebClientResponseException.java:321)
	Suppressed: reactor.core.publisher.FluxOnAssembly$OnAssemblyException: 
Error has been observed at the following site(s):
	*__checkpoint ⇢ 400 BAD_REQUEST from POST https://dashscope.aliyuncs.com/api/v1/services/aigc/text-generation/generation [DefaultWebClient]
Original Stack Trace:
		at org.springframework.web.reactive.function.client.WebClientResponseException.create(WebClientResponseException.java:321)
		at org.springframework.web.reactive.function.client.DefaultClientResponse.lambda$createException$1(DefaultClientResponse.java:214)
		at reactor.core.publisher.FluxMap$MapSubscriber.onNext(FluxMap.java:106)
		at reactor.core.publisher.FluxOnErrorReturn$ReturnSubscriber.onNext(FluxOnErrorReturn.java:162)
		at reactor.core.publisher.FluxDefaultIfEmpty$DefaultIfEmptySubscriber.onNext(FluxDefaultIfEmpty.java:122)
		at reactor.core.publisher.FluxMapFuseable$MapFuseableSubscriber.onNext(FluxMapFuseable.java:129)
		at reactor.core.publisher.FluxContextWrite$ContextWriteSubscriber.onNext(FluxContextWrite.java:107)
		at reactor.core.publisher.FluxMapFuseable$MapFuseableConditionalSubscriber.onNext(FluxMapFuseable.java:299)
		at reactor.core.publisher.FluxFilterFuseable$FilterFuseableConditionalSubscriber.onNext(FluxFilterFuseable.java:337)
		at reactor.core.publisher.Operators$BaseFluxToMonoOperator.completePossiblyEmpty(Operators.java:2096)
		at reactor.core.publisher.MonoCollect$CollectSubscriber.onComplete(MonoCollect.java:145)
		at reactor.core.publisher.FluxPublish$PublishSubscriber.checkTerminated(FluxPublish.java:634)
		at reactor.core.publisher.FluxPublish$PublishSubscriber.drain(FluxPublish.java:494)
		at reactor.core.publisher.FluxPublish$PublishSubscriber.onComplete(FluxPublish.java:355)
		at reactor.core.publisher.FluxContextWrite$ContextWriteSubscriber.onComplete(FluxContextWrite.java:126)
		at reactor.core.publisher.FluxMapFuseable$MapFuseableConditionalSubscriber.onComplete(FluxMapFuseable.java:350)
		at reactor.core.publisher.FluxFlattenIterable$FlattenIterableSubscriber.drainAsync(FluxFlattenIterable.java:371)
		at reactor.core.publisher.FluxFlattenIterable$FlattenIterableSubscriber.drain(FluxFlattenIterable.java:724)
		at reactor.core.publisher.FluxFlattenIterable$FlattenIterableSubscriber.onComplete(FluxFlattenIterable.java:273)
		at reactor.adapter.JdkFlowAdapter$SubscriberToRS.onComplete(JdkFlowAdapter.java:160)
		at java.net.http/jdk.internal.net.http.ResponseSubscribers$PublishingBodySubscriber.complete(ResponseSubscribers.java:955)
		at java.net.http/jdk.internal.net.http.ResponseSubscribers$PublishingBodySubscriber.lambda$new$1(ResponseSubscribers.java:886)
		at java.base/java.util.concurrent.CompletableFuture$UniAccept.tryFire$$$capture(CompletableFuture.java:718)
		at java.base/java.util.concurrent.CompletableFuture$UniAccept.tryFire(CompletableFuture.java)
		at java.base/java.util.concurrent.CompletableFuture.postComplete(CompletableFuture.java:510)
		at java.base/java.util.concurrent.CompletableFuture.complete(CompletableFuture.java:2179)
		at java.net.http/jdk.internal.net.http.ResponseSubscribers$PublishingBodySubscriber.lambda$subscribe$3(ResponseSubscribers.java:983)
		at java.base/java.util.concurrent.CompletableFuture.uniAcceptNow(CompletableFuture.java:757)
		at java.base/java.util.concurrent.CompletableFuture.uniAcceptStage(CompletableFuture.java:735)
		at java.base/java.util.concurrent.CompletableFuture.thenAccept(CompletableFuture.java:2214)
		at java.net.http/jdk.internal.net.http.ResponseSubscribers$PublishingBodySubscriber.subscribe(ResponseSubscribers.java:979)
		at reactor.adapter.JdkFlowAdapter$FlowPublisherAsFlux.subscribe(JdkFlowAdapter.java:68)
		at reactor.core.publisher.InternalFluxOperator.subscribe(InternalFluxOperator.java:68)
		at reactor.core.publisher.FluxPublish.connect(FluxPublish.java:106)
		at reactor.core.publisher.FluxAutoConnect.subscribe(FluxAutoConnect.java:62)
		at reactor.core.publisher.Flux.subscribe(Flux.java:8891)
		at org.springframework.http.client.reactive.AbstractClientHttpResponse$SingleSubscriberPublisher.subscribe(AbstractClientHttpResponse.java:112)
		at reactor.core.publisher.FluxSource.subscribe(FluxSource.java:71)
		at reactor.core.publisher.Flux.subscribe(Flux.java:8891)
		at reactor.core.publisher.MonoFlatMapMany$FlatMapManyMain.onNext(MonoFlatMapMany.java:196)
		at reactor.core.publisher.FluxContextWrite$ContextWriteSubscriber.onNext(FluxContextWrite.java:107)
		at reactor.core.publisher.FluxDoFinally$DoFinallySubscriber.onNext(FluxDoFinally.java:113)
		at reactor.core.publisher.MonoPeekTerminal$MonoTerminalPeekSubscriber.onNext(MonoPeekTerminal.java:180)
		at reactor.core.publisher.FluxPeekFuseable$PeekConditionalSubscriber.onNext(FluxPeekFuseable.java:854)
		at reactor.core.publisher.FluxSwitchIfEmpty$SwitchIfEmptySubscriber.onNext(FluxSwitchIfEmpty.java:74)
		at reactor.core.publisher.FluxPeek$PeekSubscriber.onNext(FluxPeek.java:200)
		at reactor.core.publisher.FluxMap$MapSubscriber.onNext(FluxMap.java:122)
		at reactor.core.publisher.FluxOnErrorResume$ResumeSubscriber.onNext(FluxOnErrorResume.java:79)
		at reactor.core.publisher.FluxPeek$PeekSubscriber.onNext(FluxPeek.java:200)
		at reactor.core.publisher.FluxPeek$PeekSubscriber.onNext(FluxPeek.java:200)
		at reactor.core.publisher.MonoIgnoreThen$ThenIgnoreMain.complete(MonoIgnoreThen.java:294)
		at reactor.core.publisher.MonoIgnoreThen$ThenIgnoreMain.onNext(MonoIgnoreThen.java:188)
		at reactor.core.publisher.FluxMap$MapSubscriber.onNext(FluxMap.java:122)
		at reactor.core.publisher.MonoCompletionStage$MonoCompletionStageSubscription.apply(MonoCompletionStage.java:121)
		at reactor.core.publisher.MonoCompletionStage$MonoCompletionStageSubscription.apply(MonoCompletionStage.java:67)
		at java.base/java.util.concurrent.CompletableFuture.uniHandle(CompletableFuture.java:934)
		at java.base/java.util.concurrent.CompletableFuture$UniHandle.tryFire(CompletableFuture.java:911)
		at java.base/java.util.concurrent.CompletableFuture.postComplete(CompletableFuture.java:510)
		at java.base/java.util.concurrent.CompletableFuture.postFire(CompletableFuture.java:614)
		at java.base/java.util.concurrent.CompletableFuture$UniWhenComplete.tryFire(CompletableFuture.java:844)
		at java.base/java.util.concurrent.CompletableFuture$Completion.exec(CompletableFuture.java:483)
		at java.base/java.util.concurrent.ForkJoinTask.doExec$$$capture(ForkJoinTask.java:387)
		at java.base/java.util.concurrent.ForkJoinTask.doExec(ForkJoinTask.java)
		at java.base/java.util.concurrent.ForkJoinPool$WorkQueue.topLevelExec(ForkJoinPool.java:1312)
		at java.base/java.util.concurrent.ForkJoinPool.scan(ForkJoinPool.java:1843)
		at java.base/java.util.concurrent.ForkJoinPool.runWorker(ForkJoinPool.java:1808)
		at java.base/java.util.concurrent.ForkJoinWorkerThread.run(ForkJoinWorkerThread.java:188)
2026-06-21 14:31:46.638 ERROR [boundedElastic-2] o.s.ai.chat.model.MessageAggregator - Aggregation Error
org.springframework.web.reactive.function.client.WebClientResponseException$BadRequest: 400 Bad Request from POST https://dashscope.aliyuncs.com/api/v1/services/aigc/text-generation/generation
	at org.springframework.web.reactive.function.client.WebClientResponseException.create(WebClientResponseException.java:321)
	Suppressed: reactor.core.publisher.FluxOnAssembly$OnAssemblyException: 
Error has been observed at the following site(s):
	*__checkpoint ⇢ 400 BAD_REQUEST from POST https://dashscope.aliyuncs.com/api/v1/services/aigc/text-generation/generation [DefaultWebClient]
Original Stack Trace:
		at org.springframework.web.reactive.function.client.WebClientResponseException.create(WebClientResponseException.java:321)
		at org.springframework.web.reactive.function.client.DefaultClientResponse.lambda$createException$1(DefaultClientResponse.java:214)
		at reactor.core.publisher.FluxMap$MapSubscriber.onNext(FluxMap.java:106)
		at reactor.core.publisher.FluxOnErrorReturn$ReturnSubscriber.onNext(FluxOnErrorReturn.java:162)
		at reactor.core.publisher.FluxDefaultIfEmpty$DefaultIfEmptySubscriber.onNext(FluxDefaultIfEmpty.java:122)
		at reactor.core.publisher.FluxMapFuseable$MapFuseableSubscriber.onNext(FluxMapFuseable.java:129)
		at reactor.core.publisher.FluxContextWrite$ContextWriteSubscriber.onNext(FluxContextWrite.java:107)
		at reactor.core.publisher.FluxMapFuseable$MapFuseableConditionalSubscriber.onNext(FluxMapFuseable.java:299)
		at reactor.core.publisher.FluxFilterFuseable$FilterFuseableConditionalSubscriber.onNext(FluxFilterFuseable.java:337)
		at reactor.core.publisher.Operators$BaseFluxToMonoOperator.completePossiblyEmpty(Operators.java:2096)
		at reactor.core.publisher.MonoCollect$CollectSubscriber.onComplete(MonoCollect.java:145)
		at reactor.core.publisher.FluxPublish$PublishSubscriber.checkTerminated(FluxPublish.java:634)
		at reactor.core.publisher.FluxPublish$PublishSubscriber.drain(FluxPublish.java:494)
		at reactor.core.publisher.FluxPublish$PublishSubscriber.onComplete(FluxPublish.java:355)
		at reactor.core.publisher.FluxContextWrite$ContextWriteSubscriber.onComplete(FluxContextWrite.java:126)
		at reactor.core.publisher.FluxMapFuseable$MapFuseableConditionalSubscriber.onComplete(FluxMapFuseable.java:350)
		at reactor.core.publisher.FluxFlattenIterable$FlattenIterableSubscriber.drainAsync(FluxFlattenIterable.java:371)
		at reactor.core.publisher.FluxFlattenIterable$FlattenIterableSubscriber.drain(FluxFlattenIterable.java:724)
		at reactor.core.publisher.FluxFlattenIterable$FlattenIterableSubscriber.onComplete(FluxFlattenIterable.java:273)
		at reactor.adapter.JdkFlowAdapter$SubscriberToRS.onComplete(JdkFlowAdapter.java:160)
		at java.net.http/jdk.internal.net.http.ResponseSubscribers$PublishingBodySubscriber.complete(ResponseSubscribers.java:955)
		at java.net.http/jdk.internal.net.http.ResponseSubscribers$PublishingBodySubscriber.lambda$new$1(ResponseSubscribers.java:886)
		at java.base/java.util.concurrent.CompletableFuture$UniAccept.tryFire$$$capture(CompletableFuture.java:718)
		at java.base/java.util.concurrent.CompletableFuture$UniAccept.tryFire(CompletableFuture.java)
		at java.base/java.util.concurrent.CompletableFuture.postComplete(CompletableFuture.java:510)
		at java.base/java.util.concurrent.CompletableFuture.complete(CompletableFuture.java:2179)
		at java.net.http/jdk.internal.net.http.ResponseSubscribers$PublishingBodySubscriber.lambda$subscribe$3(ResponseSubscribers.java:983)
		at java.base/java.util.concurrent.CompletableFuture.uniAcceptNow(CompletableFuture.java:757)
		at java.base/java.util.concurrent.CompletableFuture.uniAcceptStage(CompletableFuture.java:735)
		at java.base/java.util.concurrent.CompletableFuture.thenAccept(CompletableFuture.java:2214)
		at java.net.http/jdk.internal.net.http.ResponseSubscribers$PublishingBodySubscriber.subscribe(ResponseSubscribers.java:979)
		at reactor.adapter.JdkFlowAdapter$FlowPublisherAsFlux.subscribe(JdkFlowAdapter.java:68)
		at reactor.core.publisher.InternalFluxOperator.subscribe(InternalFluxOperator.java:68)
		at reactor.core.publisher.FluxPublish.connect(FluxPublish.java:106)
		at reactor.core.publisher.FluxAutoConnect.subscribe(FluxAutoConnect.java:62)
		at reactor.core.publisher.Flux.subscribe(Flux.java:8891)
		at org.springframework.http.client.reactive.AbstractClientHttpResponse$SingleSubscriberPublisher.subscribe(AbstractClientHttpResponse.java:112)
		at reactor.core.publisher.FluxSource.subscribe(FluxSource.java:71)
		at reactor.core.publisher.Flux.subscribe(Flux.java:8891)
		at reactor.core.publisher.MonoFlatMapMany$FlatMapManyMain.onNext(MonoFlatMapMany.java:196)
		at reactor.core.publisher.FluxContextWrite$ContextWriteSubscriber.onNext(FluxContextWrite.java:107)
		at reactor.core.publisher.FluxDoFinally$DoFinallySubscriber.onNext(FluxDoFinally.java:113)
		at reactor.core.publisher.MonoPeekTerminal$MonoTerminalPeekSubscriber.onNext(MonoPeekTerminal.java:180)
		at reactor.core.publisher.FluxPeekFuseable$PeekConditionalSubscriber.onNext(FluxPeekFuseable.java:854)
		at reactor.core.publisher.FluxSwitchIfEmpty$SwitchIfEmptySubscriber.onNext(FluxSwitchIfEmpty.java:74)
		at reactor.core.publisher.FluxPeek$PeekSubscriber.onNext(FluxPeek.java:200)
		at reactor.core.publisher.FluxMap$MapSubscriber.onNext(FluxMap.java:122)
		at reactor.core.publisher.FluxOnErrorResume$ResumeSubscriber.onNext(FluxOnErrorResume.java:79)
		at reactor.core.publisher.FluxPeek$PeekSubscriber.onNext(FluxPeek.java:200)
		at reactor.core.publisher.FluxPeek$PeekSubscriber.onNext(FluxPeek.java:200)
		at reactor.core.publisher.MonoIgnoreThen$ThenIgnoreMain.complete(MonoIgnoreThen.java:294)
		at reactor.core.publisher.MonoIgnoreThen$ThenIgnoreMain.onNext(MonoIgnoreThen.java:188)
		at reactor.core.publisher.FluxMap$MapSubscriber.onNext(FluxMap.java:122)
		at reactor.core.publisher.MonoCompletionStage$MonoCompletionStageSubscription.apply(MonoCompletionStage.java:121)
		at reactor.core.publisher.MonoCompletionStage$MonoCompletionStageSubscription.apply(MonoCompletionStage.java:67)
		at java.base/java.util.concurrent.CompletableFuture.uniHandle(CompletableFuture.java:934)
		at java.base/java.util.concurrent.CompletableFuture$UniHandle.tryFire(CompletableFuture.java:911)
		at java.base/java.util.concurrent.CompletableFuture.postComplete(CompletableFuture.java:510)
		at java.base/java.util.concurrent.CompletableFuture.postFire(CompletableFuture.java:614)
		at java.base/java.util.concurrent.CompletableFuture$UniWhenComplete.tryFire(CompletableFuture.java:844)
		at java.base/java.util.concurrent.CompletableFuture$Completion.exec(CompletableFuture.java:483)
		at java.base/java.util.concurrent.ForkJoinTask.doExec$$$capture(ForkJoinTask.java:387)
		at java.base/java.util.concurrent.ForkJoinTask.doExec(ForkJoinTask.java)
		at java.base/java.util.concurrent.ForkJoinPool$WorkQueue.topLevelExec(ForkJoinPool.java:1312)
		at java.base/java.util.concurrent.ForkJoinPool.scan(ForkJoinPool.java:1843)
		at java.base/java.util.concurrent.ForkJoinPool.runWorker(ForkJoinPool.java:1808)
		at java.base/java.util.concurrent.ForkJoinWorkerThread.run(ForkJoinWorkerThread.java:188)
2026-06-21 14:31:46.640 ERROR [boundedElastic-2] o.s.ai.chat.model.MessageAggregator - Aggregation Error
org.springframework.web.reactive.function.client.WebClientResponseException$BadRequest: 400 Bad Request from POST https://dashscope.aliyuncs.com/api/v1/services/aigc/text-generation/generation
	at org.springframework.web.reactive.function.client.WebClientResponseException.create(WebClientResponseException.java:321)
	Suppressed: reactor.core.publisher.FluxOnAssembly$OnAssemblyException: 
Error has been observed at the following site(s):
	*__checkpoint ⇢ 400 BAD_REQUEST from POST https://dashscope.aliyuncs.com/api/v1/services/aigc/text-generation/generation [DefaultWebClient]
Original Stack Trace:
		at org.springframework.web.reactive.function.client.WebClientResponseException.create(WebClientResponseException.java:321)
		at org.springframework.web.reactive.function.client.DefaultClientResponse.lambda$createException$1(DefaultClientResponse.java:214)
		at reactor.core.publisher.FluxMap$MapSubscriber.onNext(FluxMap.java:106)
		at reactor.core.publisher.FluxOnErrorReturn$ReturnSubscriber.onNext(FluxOnErrorReturn.java:162)
		at reactor.core.publisher.FluxDefaultIfEmpty$DefaultIfEmptySubscriber.onNext(FluxDefaultIfEmpty.java:122)
		at reactor.core.publisher.FluxMapFuseable$MapFuseableSubscriber.onNext(FluxMapFuseable.java:129)
		at reactor.core.publisher.FluxContextWrite$ContextWriteSubscriber.onNext(FluxContextWrite.java:107)
		at reactor.core.publisher.FluxMapFuseable$MapFuseableConditionalSubscriber.onNext(FluxMapFuseable.java:299)
		at reactor.core.publisher.FluxFilterFuseable$FilterFuseableConditionalSubscriber.onNext(FluxFilterFuseable.java:337)
		at reactor.core.publisher.Operators$BaseFluxToMonoOperator.completePossiblyEmpty(Operators.java:2096)
		at reactor.core.publisher.MonoCollect$CollectSubscriber.onComplete(MonoCollect.java:145)
		at reactor.core.publisher.FluxPublish$PublishSubscriber.checkTerminated(FluxPublish.java:634)
		at reactor.core.publisher.FluxPublish$PublishSubscriber.drain(FluxPublish.java:494)
		at reactor.core.publisher.FluxPublish$PublishSubscriber.onComplete(FluxPublish.java:355)
		at reactor.core.publisher.FluxContextWrite$ContextWriteSubscriber.onComplete(FluxContextWrite.java:126)
		at reactor.core.publisher.FluxMapFuseable$MapFuseableConditionalSubscriber.onComplete(FluxMapFuseable.java:350)
		at reactor.core.publisher.FluxFlattenIterable$FlattenIterableSubscriber.drainAsync(FluxFlattenIterable.java:371)
		at reactor.core.publisher.FluxFlattenIterable$FlattenIterableSubscriber.drain(FluxFlattenIterable.java:724)
		at reactor.core.publisher.FluxFlattenIterable$FlattenIterableSubscriber.onComplete(FluxFlattenIterable.java:273)
		at reactor.adapter.JdkFlowAdapter$SubscriberToRS.onComplete(JdkFlowAdapter.java:160)
		at java.net.http/jdk.internal.net.http.ResponseSubscribers$PublishingBodySubscriber.complete(ResponseSubscribers.java:955)
		at java.net.http/jdk.internal.net.http.ResponseSubscribers$PublishingBodySubscriber.lambda$new$1(ResponseSubscribers.java:886)
		at java.base/java.util.concurrent.CompletableFuture$UniAccept.tryFire$$$capture(CompletableFuture.java:718)
		at java.base/java.util.concurrent.CompletableFuture$UniAccept.tryFire(CompletableFuture.java)
		at java.base/java.util.concurrent.CompletableFuture.postComplete(CompletableFuture.java:510)
		at java.base/java.util.concurrent.CompletableFuture.complete(CompletableFuture.java:2179)
		at java.net.http/jdk.internal.net.http.ResponseSubscribers$PublishingBodySubscriber.lambda$subscribe$3(ResponseSubscribers.java:983)
		at java.base/java.util.concurrent.CompletableFuture.uniAcceptNow(CompletableFuture.java:757)
		at java.base/java.util.concurrent.CompletableFuture.uniAcceptStage(CompletableFuture.java:735)
		at java.base/java.util.concurrent.CompletableFuture.thenAccept(CompletableFuture.java:2214)
		at java.net.http/jdk.internal.net.http.ResponseSubscribers$PublishingBodySubscriber.subscribe(ResponseSubscribers.java:979)
		at reactor.adapter.JdkFlowAdapter$FlowPublisherAsFlux.subscribe(JdkFlowAdapter.java:68)
		at reactor.core.publisher.InternalFluxOperator.subscribe(InternalFluxOperator.java:68)
		at reactor.core.publisher.FluxPublish.connect(FluxPublish.java:106)
		at reactor.core.publisher.FluxAutoConnect.subscribe(FluxAutoConnect.java:62)
		at reactor.core.publisher.Flux.subscribe(Flux.java:8891)
		at org.springframework.http.client.reactive.AbstractClientHttpResponse$SingleSubscriberPublisher.subscribe(AbstractClientHttpResponse.java:112)
		at reactor.core.publisher.FluxSource.subscribe(FluxSource.java:71)
		at reactor.core.publisher.Flux.subscribe(Flux.java:8891)
		at reactor.core.publisher.MonoFlatMapMany$FlatMapManyMain.onNext(MonoFlatMapMany.java:196)
		at reactor.core.publisher.FluxContextWrite$ContextWriteSubscriber.onNext(FluxContextWrite.java:107)
		at reactor.core.publisher.FluxDoFinally$DoFinallySubscriber.onNext(FluxDoFinally.java:113)
		at reactor.core.publisher.MonoPeekTerminal$MonoTerminalPeekSubscriber.onNext(MonoPeekTerminal.java:180)
		at reactor.core.publisher.FluxPeekFuseable$PeekConditionalSubscriber.onNext(FluxPeekFuseable.java:854)
		at reactor.core.publisher.FluxSwitchIfEmpty$SwitchIfEmptySubscriber.onNext(FluxSwitchIfEmpty.java:74)
		at reactor.core.publisher.FluxPeek$PeekSubscriber.onNext(FluxPeek.java:200)
		at reactor.core.publisher.FluxMap$MapSubscriber.onNext(FluxMap.java:122)
		at reactor.core.publisher.FluxOnErrorResume$ResumeSubscriber.onNext(FluxOnErrorResume.java:79)
		at reactor.core.publisher.FluxPeek$PeekSubscriber.onNext(FluxPeek.java:200)
		at reactor.core.publisher.FluxPeek$PeekSubscriber.onNext(FluxPeek.java:200)
		at reactor.core.publisher.MonoIgnoreThen$ThenIgnoreMain.complete(MonoIgnoreThen.java:294)
		at reactor.core.publisher.MonoIgnoreThen$ThenIgnoreMain.onNext(MonoIgnoreThen.java:188)
		at reactor.core.publisher.FluxMap$MapSubscriber.onNext(FluxMap.java:122)
		at reactor.core.publisher.MonoCompletionStage$MonoCompletionStageSubscription.apply(MonoCompletionStage.java:121)
		at reactor.core.publisher.MonoCompletionStage$MonoCompletionStageSubscription.apply(MonoCompletionStage.java:67)
		at java.base/java.util.concurrent.CompletableFuture.uniHandle(CompletableFuture.java:934)
		at java.base/java.util.concurrent.CompletableFuture$UniHandle.tryFire(CompletableFuture.java:911)
		at java.base/java.util.concurrent.CompletableFuture.postComplete(CompletableFuture.java:510)
		at java.base/java.util.concurrent.CompletableFuture.postFire(CompletableFuture.java:614)
		at java.base/java.util.concurrent.CompletableFuture$UniWhenComplete.tryFire(CompletableFuture.java:844)
		at java.base/java.util.concurrent.CompletableFuture$Completion.exec(CompletableFuture.java:483)
		at java.base/java.util.concurrent.ForkJoinTask.doExec$$$capture(ForkJoinTask.java:387)
		at java.base/java.util.concurrent.ForkJoinTask.doExec(ForkJoinTask.java)
		at java.base/java.util.concurrent.ForkJoinPool$WorkQueue.topLevelExec(ForkJoinPool.java:1312)
		at java.base/java.util.concurrent.ForkJoinPool.scan(ForkJoinPool.java:1843)
		at java.base/java.util.concurrent.ForkJoinPool.runWorker(ForkJoinPool.java:1808)
		at java.base/java.util.concurrent.ForkJoinWorkerThread.run(ForkJoinWorkerThread.java:188)
2026-06-21 14:31:46.641 ERROR [boundedElastic-2] c.a.c.ai.graph.executor.NodeExecutor - Error signal occurred in embedded Flux stream for key 'messages': 400 Bad Request from POST https://dashscope.aliyuncs.com/api/v1/services/aigc/text-generation/generation
2026-06-21 15:13:35.877 WARN  [http-nio-10001-exec-4] c.argus.rag.auth.service.AuthService - refresh token 重放攻击: userId=1
2026-06-21 15:13:35.899 WARN  [http-nio-10001-exec-1] c.argus.rag.auth.service.AuthService - refresh token 重放攻击: userId=1
2026-06-21 15:19:30.560 WARN  [HikariPool-1:housekeeper] com.zaxxer.hikari.pool.HikariPool - HikariPool-1 - Thread starvation or clock leap detected (housekeeper delta=54s412ms390µs).
2026-06-21 16:29:03.528 WARN  [HikariPool-1:housekeeper] com.zaxxer.hikari.pool.HikariPool - HikariPool-1 - Thread starvation or clock leap detected (housekeeper delta=45s628ms578µs).
2026-06-21 16:30:31.171 WARN  [HikariPool-1:housekeeper] com.zaxxer.hikari.pool.HikariPool - HikariPool-1 - Thread starvation or clock leap detected (housekeeper delta=1m27s641ms785µs200ns).
2026-06-21 23:00:18.108 ERROR [http-nio-10001-exec-1] com.argus.rag.common.log.LogAop - <-- [QaRecordGovernanceController] export FAIL [1ms] com.argus.rag.common.exception.UnauthorizedException: 当前请求未登录
2026-06-21 23:00:23.468 ERROR [http-nio-10001-exec-4] com.argus.rag.common.log.LogAop - <-- [QaRecordGovernanceController] export FAIL [0ms] com.argus.rag.common.exception.UnauthorizedException: 当前请求未登录
2026-06-21 23:00:27.854 ERROR [http-nio-10001-exec-3] com.argus.rag.common.log.LogAop - <-- [QaRecordGovernanceController] export FAIL [1ms] com.argus.rag.common.exception.UnauthorizedException: 当前请求未登录
2026-06-21 23:01:13.949 ERROR [http-nio-10001-exec-10] com.argus.rag.common.log.LogAop - <-- [QaRecordGovernanceController] export FAIL [0ms] com.argus.rag.common.exception.UnauthorizedException: 当前请求未登录
2026-06-21 23:02:29.795 ERROR [http-nio-10001-exec-9] com.argus.rag.common.log.LogAop - <-- [QaRecordGovernanceController] export FAIL [0ms] com.argus.rag.common.exception.UnauthorizedException: 当前请求未登录
